<?xml version="1.0" encoding="UTF-8"?>
<!-- Generated by org.testng.reporters.JUnitReportReporter -->
<testsuite skipped="1" hostname="WKSSDS003" name="com.xqt.group1.PaintPartner.ColourSearch" tests="3" failures="0" timestamp="12 Dec 2018 12:14:46 GMT" time="11.788" errors="0">
  <testcase name="systemreport" time="11.785" classname="com.xqt.group1.PaintPartner.ColourSearch"/>
  <testcase name="verfiycoloursearchpage" time="0.003" classname="com.xqt.group1.PaintPartner.ColourSearch"/>
  <testcase name="viewformulation" classname="com.xqt.group1.PaintPartner.ColourSearch">
    <skipped/>
  </testcase> <!-- viewformulation -->
</testsuite> <!-- com.xqt.group1.PaintPartner.ColourSearch -->
