<?xml version="1.0" encoding="UTF-8"?>
<!-- Generated by org.testng.reporters.JUnitReportReporter -->
<testsuite skipped="0" hostname="WKSSDS003" name="com.xqt.group1.PaintPartner.ColourSearch" tests="2" failures="0" timestamp="10 Dec 2018 11:44:24 GMT" time="14.916" errors="0">
  <testcase name="verfiycoloursearchpage" time="0.009" classname="com.xqt.group1.PaintPartner.ColourSearch"/>
  <testcase name="viewformulation" time="14.907" classname="com.xqt.group1.PaintPartner.ColourSearch"/>
</testsuite> <!-- com.xqt.group1.PaintPartner.ColourSearch -->
