<?xml version="1.0" encoding="UTF-8"?>
<!-- Generated by org.testng.reporters.JUnitReportReporter -->
<testsuite skipped="0" hostname="WKSSDS003" name="com.xqt.group1.PaintPartner.NewTest" tests="1" failures="0" timestamp="10 Dec 2018 05:58:39 GMT" time="6.299" errors="0">
  <testcase name="test" time="6.299" classname="com.xqt.group1.PaintPartner.NewTest"/>
</testsuite> <!-- com.xqt.group1.PaintPartner.NewTest -->
